[    0.000000] Linux version 5.0.0-23-generic (buildd@lgw01-amd64-030) (gcc version 7.4.0 (Ubuntu 7.4.0-1ubuntu1~18.04.1)) #24~18.04.1-Ubuntu SMP Mon Jul 29 16:12:28 UTC 2019 (Ubuntu 5.0.0-23.24~18.04.1-generic 5.0.15)
[    0.000000] Command line: BOOT_IMAGE=/boot/vmlinuz-5.0.0-23-generic root=UUID=8de716dd-d9b2-477f-b818-bb0b1eb036ce ro console=tty1 console=ttyS0
[    0.000000] KERNEL supported cpus:
[    0.000000]   Intel GenuineIntel
[    0.000000]   AMD AuthenticAMD
[    0.000000]   Hygon HygonGenuine
[    0.000000]   Centaur CentaurHauls
[    0.000000] x86/fpu: Supporting XSAVE feature 0x001: 'x87 floating point registers'
[    0.000000] x86/fpu: Supporting XSAVE feature 0x002: 'SSE registers'
[    0.000000] x86/fpu: Supporting XSAVE feature 0x004: 'AVX registers'
[    0.000000] x86/fpu: xstate_offset[2]:  576, xstate_sizes[2]:  256
[    0.000000] x86/fpu: Enabled xstate features 0x7, context size is 832 bytes, using 'standard' format.
[    0.000000] BIOS-provided physical RAM map:
[    0.000000] BIOS-e820: [mem 0x0000000000000000-0x000000000009fbff] usable
[    0.000000] BIOS-e820: [mem 0x000000000009fc00-0x000000000009ffff] reserved
[    0.000000] BIOS-e820: [mem 0x00000000000f0000-0x00000000000fffff] reserved
[    0.000000] BIOS-e820: [mem 0x0000000000100000-0x000000007ebeffff] usable
[    0.000000] BIOS-e820: [mem 0x000000007ebf0000-0x000000007ebfffff] ACPI data
[    0.000000] BIOS-e820: [mem 0x00000000fec00000-0x00000000fec00fff] reserved
[    0.000000] BIOS-e820: [mem 0x00000000fee00000-0x00000000fee00fff] reserved
[    0.000000] BIOS-e820: [mem 0x00000000fffc0000-0x00000000ffffffff] reserved
[    0.000000] NX (Execute Disable) protection: active
[    0.000000] SMBIOS 2.5 present.
[    0.000000] DMI: innotek GmbH VirtualBox/VirtualBox, BIOS VirtualBox 12/01/2006
[    0.000000] Hypervisor detected: KVM
[    0.000000] kvm-clock: Using msrs 4b564d01 and 4b564d00
[    0.000000] kvm-clock: cpu 0, msr 71a01001, primary cpu clock
[    0.000000] kvm-clock: using sched offset of 9206340732 cycles
[    0.000003] clocksource: kvm-clock: mask: 0xffffffffffffffff max_cycles: 0x1cd42e4dffb, max_idle_ns: 881590591483 ns
[    0.000007] tsc: Detected 2591.998 MHz processor
[    0.002738] last_pfn = 0x7ebf0 max_arch_pfn = 0x400000000
[    0.002755] Disabled
[    0.002756] x86/PAT: MTRRs disabled, skipping PAT initialization too.
[    0.002759] CPU MTRRs all blank - virtualized system.
[    0.002761] x86/PAT: Configuration [0-7]: WB  WT  UC- UC  WB  WT  UC- UC  
[    0.002838] found SMP MP-table at [mem 0x0009fff0-0x0009ffff]
[    0.171509] check: Scanning 1 areas for low memory corruption
[    0.171667] RAMDISK: [mem 0x307d3000-0x343e0fff]
[    0.171679] ACPI: Early table checksum verification disabled
[    0.171701] ACPI: RSDP 0x00000000000E0000 000024 (v02 VBOX  )
[    0.171704] ACPI: XSDT 0x000000007EBF0030 00003C (v01 VBOX   VBOXXSDT 00000001 ASL  00000061)
[    0.171710] ACPI: FACP 0x000000007EBF00F0 0000F4 (v04 VBOX   VBOXFACP 00000001 ASL  00000061)
[    0.171715] ACPI: DSDT 0x000000007EBF0470 0022EA (v02 VBOX   VBOXBIOS 00000002 INTL 20100528)
[    0.171719] ACPI: FACS 0x000000007EBF0200 000040
[    0.171722] ACPI: FACS 0x000000007EBF0200 000040
[    0.171724] ACPI: APIC 0x000000007EBF0240 00005C (v02 VBOX   VBOXAPIC 00000001 ASL  00000061)
[    0.171728] ACPI: SSDT 0x000000007EBF02A0 0001CC (v01 VBOX   VBOXCPUT 00000002 INTL 20100528)
[    0.172004] No NUMA configuration found
[    0.172006] Faking a node at [mem 0x0000000000000000-0x000000007ebeffff]
[    0.172013] NODE_DATA(0) allocated [mem 0x7ebc5000-0x7ebeffff]
[    0.172178] Zone ranges:
[    0.172179]   DMA      [mem 0x0000000000001000-0x0000000000ffffff]
[    0.172180]   DMA32    [mem 0x0000000001000000-0x000000007ebeffff]
[    0.172181]   Normal   empty
[    0.172182]   Device   empty
[    0.172183] Movable zone start for each node
[    0.172186] Early memory node ranges
[    0.172187]   node   0: [mem 0x0000000000001000-0x000000000009efff]
[    0.172188]   node   0: [mem 0x0000000000100000-0x000000007ebeffff]
[    0.172190] Zeroed struct page in unavailable ranges: 98 pages
[    0.172191] Initmem setup node 0 [mem 0x0000000000001000-0x000000007ebeffff]
[    0.183378] ACPI: PM-Timer IO Port: 0x4008
[    0.183441] IOAPIC[0]: apic_id 2, version 32, address 0xfec00000, GSI 0-23
[    0.183445] ACPI: INT_SRC_OVR (bus 0 bus_irq 0 global_irq 2 dfl dfl)
[    0.183446] ACPI: INT_SRC_OVR (bus 0 bus_irq 9 global_irq 9 low level)
[    0.183451] Using ACPI (MADT) for SMP configuration information
[    0.183458] smpboot: Allowing 2 CPUs, 0 hotplug CPUs
[    0.183477] PM: Registered nosave memory: [mem 0x00000000-0x00000fff]
[    0.183478] PM: Registered nosave memory: [mem 0x0009f000-0x0009ffff]
[    0.183479] PM: Registered nosave memory: [mem 0x000a0000-0x000effff]
[    0.183479] PM: Registered nosave memory: [mem 0x000f0000-0x000fffff]
[    0.183481] [mem 0x7ec00000-0xfebfffff] available for PCI devices
[    0.183482] Booting paravirtualized kernel on KVM
[    0.183484] clocksource: refined-jiffies: mask: 0xffffffff max_cycles: 0xffffffff, max_idle_ns: 7645519600211568 ns
[    0.183493] random: get_random_bytes called from start_kernel+0x97/0x516 with crng_init=0
[    0.183497] setup_percpu: NR_CPUS:8192 nr_cpumask_bits:2 nr_cpu_ids:2 nr_node_ids:1
[    0.184963] percpu: Embedded 46 pages/cpu s151552 r8192 d28672 u1048576
[    0.184994] PV qspinlock hash table entries: 256 (order: 0, 4096 bytes)
[    0.184999] Built 1 zonelists, mobility grouping on.  Total pages: 510921
[    0.185000] Policy zone: DMA32
[    0.185002] Kernel command line: BOOT_IMAGE=/boot/vmlinuz-5.0.0-23-generic root=UUID=8de716dd-d9b2-477f-b818-bb0b1eb036ce ro console=tty1 console=ttyS0
[    0.188932] Memory: 1948192K/2076216K available (14339K kernel code, 2335K rwdata, 4312K rodata, 2584K init, 5196K bss, 128024K reserved, 0K cma-reserved)
[    0.190322] SLUB: HWalign=64, Order=0-3, MinObjects=0, CPUs=2, Nodes=1
[    0.190327] Kernel/User page tables isolation: enabled
[    0.190339] ftrace: allocating 41572 entries in 163 pages
[    0.205565] rcu: Hierarchical RCU implementation.
[    0.205568] rcu: 	RCU restricting CPUs from NR_CPUS=8192 to nr_cpu_ids=2.
[    0.205569] 	Tasks RCU enabled.
[    0.205570] rcu: RCU calculated value of scheduler-enlistment delay is 25 jiffies.
[    0.205571] rcu: Adjusting geometry for rcu_fanout_leaf=16, nr_cpu_ids=2
[    0.207554] NR_IRQS: 524544, nr_irqs: 440, preallocated irqs: 16
[    0.216201] Console: colour VGA+ 80x25
[    0.238289] printk: console [tty1] enabled
[    0.377212] printk: console [ttyS0] enabled
[    0.378189] ACPI: Core revision 20181213
[    0.379206] APIC: Switch to symmetric I/O mode setup
[    0.380542] x2apic enabled
[    0.381418] Switched APIC routing to physical x2apic.
[    0.383604] ..TIMER: vector=0x30 apic1=0 pin1=2 apic2=-1 pin2=-1
[    0.385014] clocksource: tsc-early: mask: 0xffffffffffffffff max_cycles: 0x255cb518234, max_idle_ns: 440795279333 ns
[    0.387338] Calibrating delay loop (skipped) preset value.. 5183.99 BogoMIPS (lpj=10367992)
[    0.391325] pid_max: default: 32768 minimum: 301
[    0.392395] LSM: Security Framework initializing
[    0.393604] Yama: becoming mindful.
[    0.395340] AppArmor: AppArmor initialized
[    0.398040] Dentry cache hash table entries: 262144 (order: 9, 2097152 bytes)
[    0.400622] Inode-cache hash table entries: 131072 (order: 8, 1048576 bytes)
[    0.403340] Mount-cache hash table entries: 4096 (order: 3, 32768 bytes)
[    0.405039] Mountpoint-cache hash table entries: 4096 (order: 3, 32768 bytes)
[    0.407560] mce: CPU supports 0 MCE banks
[    0.408659] Last level iTLB entries: 4KB 64, 2MB 8, 4MB 8
[    0.410016] Last level dTLB entries: 4KB 64, 2MB 0, 4MB 0, 1GB 4
[    0.411325] Spectre V2 : Mitigation: Full generic retpoline
[    0.412566] Spectre V2 : Spectre v2 / SpectreRSB mitigation: Filling RSB on context switch
[    0.415324] Speculative Store Bypass: Vulnerable
[    0.416768] MDS: Mitigation: Clear CPU buffers
[    0.417950] Freeing SMP alternatives memory: 36K
[    0.423322] smpboot: CPU0: Intel(R) Core(TM) i7-6700HQ CPU @ 2.60GHz (family: 0x6, model: 0x5e, stepping: 0x3)
[    0.423322] Performance Events: unsupported p6 CPU model 94 no PMU driver, software events only.
[    0.423355] rcu: Hierarchical SRCU implementation.
[    0.427431] random: crng done (trusting CPU's manufacturer)
[    0.428734] NMI watchdog: Perf NMI watchdog permanently disabled
[    0.430378] smp: Bringing up secondary CPUs ...
[    0.431322] x86: Booting SMP configuration:
[    0.431326] .... node  #0, CPUs:      #1
[    0.179523] kvm-clock: cpu 1, msr 71a01041, secondary cpu clock
[    0.179523] mce: CPU supports 0 MCE banks
[    0.438094] smp: Brought up 1 node, 2 CPUs
[    0.438094] smpboot: Max logical packages: 1
[    0.439327] smpboot: Total of 2 processors activated (10367.99 BogoMIPS)
[    0.441174] devtmpfs: initialized
[    0.441174] x86/mm: Memory block size: 128MB
[    0.443531] clocksource: jiffies: mask: 0xffffffff max_cycles: 0xffffffff, max_idle_ns: 7645041785100000 ns
[    0.445886] futex hash table entries: 512 (order: 3, 32768 bytes)
[    0.447369] pinctrl core: initialized pinctrl subsystem
[    0.451367] RTC time: 15:38:13, date: 2019-08-07
[    0.452553] NET: Registered protocol family 16
[    0.453651] audit: initializing netlink subsys (disabled)
[    0.454936] audit: type=2000 audit(1565192304.817:1): state=initialized audit_enabled=0 res=1
[    0.454936] EISA bus registered
[    0.456074] cpuidle: using governor ladder
[    0.457141] cpuidle: using governor menu
[    0.459355] ACPI: bus type PCI registered
[    0.460330] acpiphp: ACPI Hot Plug PCI Controller Driver version: 0.5
[    0.461885] PCI: Using configuration type 1 for base access
[    0.464233] HugeTLB registered 2.00 MiB page size, pre-allocated 0 pages
[    0.464930] ACPI: Added _OSI(Module Device)
[    0.467327] ACPI: Added _OSI(Processor Device)
[    0.468335] ACPI: Added _OSI(3.0 _SCP Extensions)
[    0.469393] ACPI: Added _OSI(Processor Aggregator Device)
[    0.470624] ACPI: Added _OSI(Linux-Dell-Video)
[    0.471325] ACPI: Added _OSI(Linux-Lenovo-NV-HDMI-Audio)
[    0.472510] ACPI: Added _OSI(Linux-HPI-Hybrid-Graphics)
[    0.476563] ACPI: 2 ACPI AML tables successfully acquired and loaded
[    0.480247] ACPI: Interpreter enabled
[    0.481367] ACPI: (supports S0 S5)
[    0.482167] ACPI: Using IOAPIC for interrupt routing
[    0.483322] PCI: Using host bridge windows from ACPI; if necessary, use "pci=nocrs" and report a bug
[    0.483460] ACPI: Enabled 2 GPEs in block 00 to 07
[    0.492428] ACPI: PCI Root Bridge [PCI0] (domain 0000 [bus 00-ff])
[    0.494088] acpi PNP0A03:00: _OSC: OS supports [ASPM ClockPM Segments MSI]
[    0.495738] acpi PNP0A03:00: _OSC: not requesting OS control; OS requires [ExtendedConfig ASPM ClockPM MSI]
[    0.498393] acpi PNP0A03:00: fail to add MMCONFIG information, can't access extended PCI configuration space under this bridge.
[    0.499766] PCI host bridge to bus 0000:00
[    0.500737] pci_bus 0000:00: root bus resource [io  0x0000-0x0cf7 window]
[    0.503326] pci_bus 0000:00: root bus resource [io  0x0d00-0xffff window]
[    0.504953] pci_bus 0000:00: root bus resource [mem 0x000a0000-0x000bffff window]
[    0.507326] pci_bus 0000:00: root bus resource [mem 0x7ec00000-0xfdffffff window]
[    0.509220] pci_bus 0000:00: root bus resource [bus 00-ff]
[    0.514864] pci 0000:00:01.1: legacy IDE quirk: reg 0x10: [io  0x01f0-0x01f7]
[    0.515325] pci 0000:00:01.1: legacy IDE quirk: reg 0x14: [io  0x03f6]
[    0.517160] pci 0000:00:01.1: legacy IDE quirk: reg 0x18: [io  0x0170-0x0177]
[    0.519324] pci 0000:00:01.1: legacy IDE quirk: reg 0x1c: [io  0x0376]
[    0.545945] pci 0000:00:07.0: quirk: [io  0x4000-0x403f] claimed by PIIX4 ACPI
[    0.547346] pci 0000:00:07.0: quirk: [io  0x4100-0x410f] claimed by PIIX4 SMB
[    0.565075] ACPI: PCI Interrupt Link [LNKA] (IRQs 5 9 10 *11)
[    0.566964] ACPI: PCI Interrupt Link [LNKB] (IRQs 5 9 *10 11)
[    0.567460] ACPI: PCI Interrupt Link [LNKC] (IRQs 5 *9 10 11)
[    0.568870] ACPI: PCI Interrupt Link [LNKD] (IRQs 5 9 10 *11)
[    0.571574] SCSI subsystem initialized
[    0.572401] pci 0000:00:02.0: vgaarb: setting as boot VGA device
[    0.573194] pci 0000:00:02.0: vgaarb: VGA device added: decodes=io+mem,owns=io+mem,locks=none
[    0.575338] pci 0000:00:02.0: vgaarb: bridge control possible
[    0.576827] vgaarb: loaded
[    0.579385] ACPI: bus type USB registered
[    0.580818] usbcore: registered new interface driver usbfs
[    0.582259] usbcore: registered new interface driver hub
[    0.583342] usbcore: registered new device driver usb
[    0.584516] pps_core: LinuxPPS API ver. 1 registered
[    0.585636] pps_core: Software ver. 5.3.6 - Copyright 2005-2007 Rodolfo Giometti <giometti@linux.it>
[    0.587331] PTP clock support registered
[    0.588280] EDAC MC: Ver: 3.0.0
[    0.588417] PCI: Using ACPI for IRQ routing
[    0.591693] NetLabel: Initializing
[    0.592497] NetLabel:  domain hash size = 128
[    0.593492] NetLabel:  protocols = UNLABELED CIPSOv4 CALIPSO
[    0.595162] NetLabel:  unlabeled traffic allowed by default
[    0.595807] clocksource: Switched to clocksource kvm-clock
[    0.611528] VFS: Disk quotas dquot_6.6.0
[    0.612822] VFS: Dquot-cache hash table entries: 512 (order 0, 4096 bytes)
[    0.614440] AppArmor: AppArmor Filesystem Enabled
[    0.615574] pnp: PnP ACPI init
[    0.617678] pnp: PnP ACPI: found 3 devices
[    0.629179] clocksource: acpi_pm: mask: 0xffffff max_cycles: 0xffffff, max_idle_ns: 2085701024 ns
[    0.631349] NET: Registered protocol family 2
[    0.633043] tcp_listen_portaddr_hash hash table entries: 1024 (order: 2, 16384 bytes)
[    0.634970] TCP established hash table entries: 16384 (order: 5, 131072 bytes)
[    0.636691] TCP bind hash table entries: 16384 (order: 6, 262144 bytes)
[    0.638171] TCP: Hash tables configured (established 16384 bind 16384)
[    0.639654] UDP hash table entries: 1024 (order: 3, 32768 bytes)
[    0.641025] UDP-Lite hash table entries: 1024 (order: 3, 32768 bytes)
[    0.642475] NET: Registered protocol family 1
[    0.643481] NET: Registered protocol family 44
[    0.645047] pci 0000:00:00.0: Limiting direct PCI/PCI transfers
[    0.646746] pci 0000:00:01.0: Activating ISA DMA hang workarounds
[    0.648285] pci 0000:00:02.0: Video device with shadowed ROM at [mem 0x000c0000-0x000dffff]
[    0.650711] Unpacking initramfs...
[    1.463717] Freeing initrd memory: 61496K
[    1.465050] clocksource: tsc: mask: 0xffffffffffffffff max_cycles: 0x255cb518234, max_idle_ns: 440795279333 ns
[    1.467391] platform rtc_cmos: registered platform RTC device (no PNP device found)
[    1.469133] check: Scanning for low memory corruption every 60 seconds
[    1.472143] Initialise system trusted keyrings
[    1.473634] Key type blacklist registered
[    1.474687] workingset: timestamp_bits=36 max_order=19 bucket_order=0
[    1.477384] zbud: loaded
[    1.478439] squashfs: version 4.0 (2009/01/31) Phillip Lougher
[    1.480417] fuse init (API version 7.28)
[    1.521320] Key type asymmetric registered
[    1.522570] Asymmetric key parser 'x509' registered
[    1.523766] Block layer SCSI generic (bsg) driver version 0.4 loaded (major 243)
[    1.525501] io scheduler mq-deadline registered
[    1.526672] shpchp: Standard Hot Plug PCI Controller Driver version: 0.4
[    1.528638] ACPI: AC Adapter [AC] (off-line)
[    1.530041] input: Power Button as /devices/LNXSYSTM:00/LNXPWRBN:00/input/input0
[    1.532001] ACPI: Power Button [PWRF]
[    1.533657] input: Sleep Button as /devices/LNXSYSTM:00/LNXSLPBN:00/input/input1
[    1.535337] ACPI: Sleep Button [SLPF]
[    1.537589] battery: ACPI: Battery Slot [BAT0] (battery present)
[    1.539037] Serial: 8250/16550 driver, 32 ports, IRQ sharing enabled
[    1.561375] 00:02: ttyS0 at I/O 0x3f8 (irq = 4, base_baud = 115200) is a 16550A
[    1.567180] Linux agpgart interface v0.103
[    1.570162] loop: module loaded
[    1.571638] scsi host0: ata_piix
[    1.572676] scsi host1: ata_piix
[    1.573478] ata1: PATA max UDMA/33 cmd 0x1f0 ctl 0x3f6 bmdma 0xd000 irq 14
[    1.575001] ata2: PATA max UDMA/33 cmd 0x170 ctl 0x376 bmdma 0xd008 irq 15
[    1.577098] libphy: Fixed MDIO Bus: probed
[    1.578340] tun: Universal TUN/TAP device driver, 1.6
[    1.579719] PPP generic driver version 2.4.2
[    1.581072] ehci_hcd: USB 2.0 'Enhanced' Host Controller (EHCI) Driver
[    1.582520] ehci-pci: EHCI PCI platform driver
[    1.583589] ehci-platform: EHCI generic platform driver
[    1.584846] ohci_hcd: USB 1.1 'Open' Host Controller (OHCI) Driver
[    1.586362] ohci-pci: OHCI PCI platform driver
[    1.587376] ohci-platform: OHCI generic platform driver
[    1.588592] uhci_hcd: USB Universal Host Controller Interface driver
[    1.590093] i8042: PNP: PS/2 Controller [PNP0303:PS2K,PNP0f03:PS2M] at 0x60,0x64 irq 1,12
[    1.592363] serio: i8042 KBD port at 0x60,0x64 irq 1
[    1.593690] serio: i8042 AUX port at 0x60,0x64 irq 12
[    1.595178] mousedev: PS/2 mouse device common for all mice
[    1.597120] input: AT Translated Set 2 keyboard as /devices/platform/i8042/serio0/input/input2
[    1.599276] rtc_cmos rtc_cmos: registered as rtc0
[    1.600677] rtc_cmos rtc_cmos: alarms up to one day, 114 bytes nvram
[    1.602093] i2c /dev entries driver
[    1.602984] device-mapper: uevent: version 1.0.3
[    1.604156] device-mapper: ioctl: 4.39.0-ioctl (2018-04-03) initialised: dm-devel@redhat.com
[    1.606652] platform eisa.0: Probing EISA bus 0
[    1.607739] platform eisa.0: EISA: Cannot allocate resource for mainboard
[    1.609225] platform eisa.0: Cannot allocate resource for EISA slot 1
[    1.610637] platform eisa.0: Cannot allocate resource for EISA slot 2
[    1.612191] platform eisa.0: Cannot allocate resource for EISA slot 3
[    1.613639] platform eisa.0: Cannot allocate resource for EISA slot 4
[    1.615075] platform eisa.0: Cannot allocate resource for EISA slot 5
[    1.616849] platform eisa.0: Cannot allocate resource for EISA slot 6
[    1.618283] platform eisa.0: Cannot allocate resource for EISA slot 7
[    1.619793] platform eisa.0: Cannot allocate resource for EISA slot 8
[    1.621215] platform eisa.0: EISA: Detected 0 cards
[    1.622414] ledtrig-cpu: registered to indicate activity on CPUs
[    1.624329] NET: Registered protocol family 10
[    1.631233] Segment Routing with IPv6
[    1.632421] NET: Registered protocol family 17
[    1.633528] Key type dns_resolver registered
[    1.635081] RAS: Correctable Errors collector initialized.
[    1.636595] sched_clock: Marking stable (1461051232, 175523527)->(1742496467, -105921708)
[    1.638804] registered taskstats version 1
[    1.639795] Loading compiled-in X.509 certificates
[    1.642346] Loaded X.509 cert 'Build time autogenerated kernel key: caf27ed67be6a8d4c681ef3325a4613a9f2d2943'
[    1.644775] zswap: loaded using pool lzo/zbud
[    1.651134] Key type big_key registered
[    1.652270] Key type trusted registered
[    1.655767] Key type encrypted registered
[    1.656787] AppArmor: AppArmor sha1 policy hashing enabled
[    1.658026] ima: No TPM chip found, activating TPM-bypass!
[    1.659654] ima: Allocated hash algorithm: sha1
[    1.660913] No architecture policies found
[    1.661890] evm: Initialising EVM extended attributes:
[    1.663041] evm: security.selinux
[    1.663861] evm: security.SMACK64
[    1.664637] evm: security.SMACK64EXEC
[    1.665692] evm: security.SMACK64TRANSMUTE
[    1.667039] evm: security.SMACK64MMAP
[    1.668065] evm: security.apparmor
[    1.668871] evm: security.ima
[    1.669577] evm: security.capability
[    1.670407] evm: HMAC attrs: 0x1
[    1.671383]   Magic number: 15:708:638
[    1.672428] rtc_cmos rtc_cmos: setting system clock to 2019-08-07T15:38:14 UTC (1565192294)
[    1.737798] Freeing unused decrypted memory: 2040K
[    1.739938] Freeing unused kernel image memory: 2584K
[    1.747983] Write protecting the kernel read-only data: 22528k
[    1.750869] Freeing unused kernel image memory: 2016K
[    1.752963] Freeing unused kernel image memory: 1832K
[    1.763078] x86/mm: Checked W+X mappings: passed, no W+X pages found.
[    1.765257] x86/mm: Checking user space page tables
[    1.775430] x86/mm: Checked W+X mappings: passed, no W+X pages found.
[    1.777568] Run /init as init process
Loading, please wait...
starting version 237
[    1.867121] ACPI: Video Device [GFX0] (multi-head: yes  rom: no  post: no)
[    1.872599] input: Video Bus as /devices/LNXSYSTM:00/LNXSYBUS:00/PNP0A03:00/LNXVIDEO:00/input/input4
[    1.876157] e1000: Intel(R) PRO/1000 Network Driver - version 7.3.21-k8-NAPI
[    1.877935] e1000: Copyright (c) 1999-2006 Intel Corporation.
[    1.883004] Fusion MPT base driver 3.04.20
[    1.884394] Copyright (c) 1999-2008 LSI Corporation
[    1.885720] piix4_smbus 0000:00:07.0: SMBus Host Controller at 0x4100, revision 0
[    1.891812] Fusion MPT SPI Host driver 3.04.20
[    1.896900] cryptd: max_cpu_qlen set to 1000
[    1.900156] mptbase: ioc0: Initiating bringup
[    1.908153] AVX2 version of gcm_enc/dec engaged.
[    1.909634] AES CTR mode by8 optimization enabled
[    2.011557] ioc0: LSI53C1030 A0: Capabilities={Initiator}
[    2.092716] input: ImExPS/2 Generic Explorer Mouse as /devices/platform/i8042/serio1/input/input5
[    2.253305] scsi host2: ioc0: LSI53C1030 A0, FwRev=00000000h, Ports=1, MaxQ=256, IRQ=20
[    2.305312] e1000 0000:00:03.0 eth0: (PCI:33MHz:32-bit) 02:bb:7d:e8:e9:23
[    2.307406] e1000 0000:00:03.0 eth0: Intel(R) PRO/1000 Network Connection
[    2.310341] e1000 0000:00:03.0 enp0s3: renamed from eth0
[    2.439959] scsi 2:0:0:0: Direct-Access     VBOX     HARDDISK         1.0  PQ: 0 ANSI: 5
[    2.455905] scsi target2:0:0: Beginning Domain Validation
[    2.460569] scsi target2:0:0: Domain Validation skipping write tests
[    2.462360] scsi target2:0:0: Ending Domain Validation
[    2.463836] scsi target2:0:0: asynchronous
[    2.465332] scsi 2:0:1:0: Direct-Access     VBOX     HARDDISK         1.0  PQ: 0 ANSI: 5
[    2.699703] scsi target2:0:1: Beginning Domain Validation
[    2.704011] scsi target2:0:1: Domain Validation skipping write tests
[    2.705794] scsi target2:0:1: Ending Domain Validation
[    2.707305] scsi target2:0:1: asynchronous
[    2.713461] sd 2:0:0:0: Attached scsi generic sg0 type 0
[    2.715332] sd 2:0:1:0: Attached scsi generic sg1 type 0
[    2.717430] sd 2:0:0:0: [sda] 20971520 512-byte logical blocks: (10.7 GB/10.0 GiB)
[    2.719817] sd 2:0:0:0: [sda] Write Protect is off
[    2.721154] sd 2:0:1:0: [sdb] 20480 512-byte logical blocks: (10.5 MB/10.0 MiB)
[    2.723255] sd 2:0:1:0: [sdb] Write Protect is off
[    2.724907] sd 2:0:0:0: [sda] Incomplete mode parameter data
[    2.726800] sd 2:0:0:0: [sda] Assuming drive cache: write through
[    2.727462] sd 2:0:1:0: [sdb] Incomplete mode parameter data
[    2.730372] sd 2:0:1:0: [sdb] Assuming drive cache: write through
[    2.739523]  sda: sda1
[    2.741662] sd 2:0:1:0: [sdb] Attached SCSI disk
[    2.743367] sd 2:0:0:0: [sda] Attached SCSI disk
Begin: Loading essential drivers ... [    4.205528] raid6: avx2x4   gen() 31921 MB/s
[    4.258516] raid6: avx2x4   xor() 22031 MB/s
[    4.308050] raid6: avx2x2   gen() 27077 MB/s
[    4.355666] raid6: avx2x2   xor() 17009 MB/s
[    4.405661] raid6: avx2x1   gen() 23899 MB/s
[    4.451834] raid6: avx2x1   xor() 16076 MB/s
[    4.499785] raid6: sse2x4   gen() 16025 MB/s
[    4.547789] raid6: sse2x4   xor()  9676 MB/s
[    4.595514] raid6: sse2x2   gen() 13611 MB/s
[    4.643986] raid6: sse2x2   xor()  9314 MB/s
[    4.691805] raid6: sse2x1   gen() 11151 MB/s
[    4.739413] raid6: sse2x1   xor()  8128 MB/s
[    4.740999] raid6: using algorithm avx2x4 gen() 31921 MB/s
[    4.742400] raid6: .... xor() 22031 MB/s, rmw enabled
[    4.743817] raid6: using avx2x2 recovery algorithm
[    4.746178] xor: automatically using best checksumming function   avx       
[    4.749277] async_tx: api initialized (async)
done.
Begin: Running /scripts/init-premount ... done.
Begin: Mounting root file system ... Begin: Running /scripts/local-top ... done.
Begin: Running /scripts/local-premount ... [    4.790616] Btrfs loaded, crc32c=crc32c-intel
Scanning for Btrfs filesystems
done.
Warning: fsck not present, so skipping root file system
[    4.840188] EXT4-fs (sda1): mounted filesystem with ordered data mode. Opts: (null)
done.
Begin: Running /scripts/local-bottom ... done.
Begin: Running /scripts/init-bottom ... done.
[    5.043028] systemd[1]: systemd 237 running in system mode. (+PAM +AUDIT +SELINUX +IMA +APPARMOR +SMACK +SYSVINIT +UTMP +LIBCRYPTSETUP +GCRYPT +GNUTLS +ACL +XZ +LZ4 +SECCOMP +BLKID +ELFUTILS +KMOD -IDN2 +IDN -PCRE2 default-hierarchy=hybrid)
[    5.047840] systemd[1]: Detected virtualization oracle.
[    5.049029] systemd[1]: Detected architecture x86-64.

Welcome to [1mUbuntu 18.04.2 LTS[0m!

[    5.065477] systemd[1]: Set hostname to <ubuntu-bionic>.
[    5.303807] systemd[1]: Started Forward Password Requests to Wall Directory Watch.
[[0;32m  OK  [0m] Started Forward Password Requests to Wall Directory Watch.
[    5.306526] systemd[1]: Reached target User and Group Name Lookups.
[[0;32m  OK  [0m] Reached target User and Group Name Lookups.
[    5.310428] systemd[1]: Created slice User and Session Slice.
[[0;32m  OK  [0m] Created slice User and Session Slice.
[    5.312679] systemd[1]: Set up automount Arbitrary Executable File Formats File System Automount Point.
[[0;32m  OK  [0m] Set up automount Arbitrary Executab…rmats File System Automount Point.
[    5.315801] systemd[1]: Reached target Swap.
[[0;32m  OK  [0m] Reached target Swap.
[    5.317613] systemd[1]: Reached target System Time Synchronized.
[[0;32m  OK  [0m] Reached target System Time Synchronized.
[[0;32m  OK  [0m] Created slice System Slice.
[[0;32m  OK  [0m] Listening on Journal Socket.
[[0;32m  OK  [0m] Listening on Network Service Netlink Socket.
         Starting Create list of required st…ce nodes for the current kernel...
         Starting Remount Root and Kernel File Systems...
[[0;32m  OK  [0m] Listening on /dev/initctl Compatibility Named Pipe.
         Starting Set the console keyboard layout...
[    5.345872] EXT4-fs (sda1): re-mounted. Opts: (null)
         Starting Load Kernel Modules...
[[0;32m  OK  [0m] Created slice system-serial\x2dgetty.slice.
[[0;32m  OK  [0m] Listening on Device-mapper event daemon FIFOs.
[[0;32m  OK  [0m] Listening on Journal Socket (/dev/log).
[    5.372958] Loading iSCSI transport class v2.0-870.
         Mounting Huge Pages File System...
         Mounting POSIX Message Queue File System...
[[0;32m  OK  [0m] Listening on udev Control Socket.
         Mounting Kernel Debug File System...
[[0;32m  OK  [0m] Listening on udev Kernel Socket.
[[0;32m  OK  [0m] Listening on Journal Audit Socket.
[[0;32m  OK  [0m] Listening on LVM2 metadata daemon socket.
         Starting udev Coldplug all Devices...
[[0;32m  OK  [0m] Reached target Slices.
[[0;32m  OK  [0m] Listening on Syslog Socket.
[    5.393978] iscsi: registered transport (tcp)
[[0;32m  OK  [0m] Listening on LVM2 poll daemon socket.
         Starting Journal Service...
         Starting Uncomplicated firewall...
         Starting Monitoring of LVM2 mirrors…ng dmeventd or progress polling...
[[0;32m  OK  [0m] Started Create list of required sta…vice nodes for the current kernel.
[[0;32m  OK  [0m] Started Remount Root and Kernel File Systems.
[    5.432702] iscsi: registered transport (iser)
[[0;32m  OK  [0m] Mounted Huge Pages File System.
[[0;32m  OK  [0m] Started Load Kernel Modules.
[[0;32m  OK  [0m] Started Journal Service.
[[0;32m  OK  [0m] Mounted POSIX Message Queue File System.
[[0;32m  OK  [0m] Mounted Kernel Debug File System.
[[0;32m  OK  [0m] Started Uncomplicated firewall.
[[0;32m  OK  [0m] Started LVM2 metadata daemon.
         Starting Apply Kernel Variables...
         Mounting Kernel Configuration File System...
         Mounting FUSE Control File System...
         Starting Load/Save Random Seed...
         Starting Flush Journal to Persistent Storage...
         Starting Create Static Device Nodes in /dev...
[[0;32m  OK  [0m] Started Monitoring of LVM2 mirrors,…sing dmeventd or progress polling.
[[0;32m  OK  [0m] Mounted Kernel Configuration File System.
[[0;32m  OK  [0m] Mounted FUSE Control File System.
[[0;32m  OK  [0m] Started Load/Save Random Seed.
[[0;32m  OK  [0m] Started Apply Kernel Variables.
[[0;32m  OK  [0m] Started Create Static Device Nodes in /dev.
         Starting udev Kernel Device Manager...
[[0;32m  OK  [0m] Started udev Coldplug all Devices.
[[0;32m  OK  [0m] Started udev Kernel Device Manager.
[[0;32m  OK  [0m] Started Flush Journal to Persistent Storage.
[[0;32m  OK  [0m] Found device /dev/ttyS0.
[[0;32m  OK  [0m] Listening on Load/Save RF Kill Switch Status /dev/rfkill Watch.
[[0;32m  OK  [0m] Started Set the console keyboard layout.
[    6.904388] snd_intel8x0 0000:00:05.0: measure - unreliable DMA position..
[[0;32m  OK  [0m] Reached target Local File Systems (Pre).
[[0;32m  OK  [0m] Reached target Local File Systems.
         Starting Tell Plymouth To Write Out Runtime Data...
         Starting AppArmor initialization...
         Starting ebtables ruleset management...
         Starting Set console font and keymap...
         Starting Create Volatile Files and Directories...
[[0;32m  OK  [0m] Started Dispatch Password Requests to Console Directory Watch.
[[0;32m  OK  [0m] Reached target Local Encrypted Volumes.
[[0;32m  OK  [0m] Started Tell Plymouth To Write Out Runtime Data.
[[0;32m  OK  [0m] Started Set console font and keymap.
[[0;32m  OK  [0m] Started Create Volatile Files and Directories.
         Starting Update UTMP about System Boot/Shutdown...
[[0;32m  OK  [0m] Started Update UTMP about System Boot/Shutdown.
[[0;32m  OK  [0m] Started ebtables ruleset management.
[[0;32m  OK  [0m] Started AppArmor initialization.
         Starting Initial cloud-init job (pre-networking)...
[    7.288012] snd_intel8x0 0000:00:05.0: measure - unreliable DMA position..
[    7.671447] snd_intel8x0 0000:00:05.0: measure - unreliable DMA position..
[[0;32m  OK  [0m] Reached target Sound Card.
[    8.061647] cloud-init[733]: Cloud-init v. 19.1-1-gbaa47854-0ubuntu1~18.04.1 running 'init-local' at Wed, 07 Aug 2019 15:38:20 +0000. Up 7.88 seconds.
[[0;32m  OK  [0m] Started Initial cloud-init job (pre-networking).
[[0;32m  OK  [0m] Reached target Network (Pre).
         Starting Network Service...
[[0;32m  OK  [0m] Started Network Service.
         Starting Wait for Network to be Configured...
         Starting Network Name Resolution...
[[0;32m  OK  [0m] Started Network Name Resolution.
[[0;32m  OK  [0m] Reached target Network.
[[0;32m  OK  [0m] Reached target Host and Network Name Lookups.
[[0;32m  OK  [0m] Started Wait for Network to be Configured.
         Starting Initial cloud-init job (metadata service crawler)...
[    9.879873] cloud-init[812]: Cloud-init v. 19.1-1-gbaa47854-0ubuntu1~18.04.1 running 'init' at Wed, 07 Aug 2019 15:38:22 +0000. Up 9.74 seconds.
[    9.892185] cloud-init[812]: ci-info: ++++++++++++++++++++++++++++++++++++++Net device info++++++++++++++++++++++++++++++++++++++
[    9.904167] cloud-init[812]: ci-info: +--------+------+----------------------------+---------------+--------+-------------------+
[    9.906047] cloud-init[812]: ci-info: | Device |  Up  |          Address           |      Mask     | Scope  |     Hw-Address    |
[    9.908143] cloud-init[812]: ci-info: +--------+------+----------------------------+---------------+--------+-------------------+
[    9.910615] cloud-init[812]: ci-info: | enp0s3 | True |         10.0.2.15          | 255.255.255.0 | global | 02:bb:7d:e8:e9:23 |
[    9.912921] cloud-init[812]: ci-info: | enp0s3 | True | fe80::bb:7dff:fee8:e923/64 |       .       |  link  | 02:bb:7d:e8:e9:23 |
[    9.928022] cloud-init[812]: ci-info: |   lo   | True |         127.0.0.1          |   255.0.0.0   |  host  |         .         |
[    9.929293] cloud-init[812]: ci-info: |   lo   | True |          ::1/128           |       .       |  host  |         .         |
[    9.930423] cloud-init[812]: ci-info: +--------+------+----------------------------+---------------+--------+-------------------+
[    9.932602] cloud-init[812]: ci-info: ++++++++++++++++++++++++++++Route IPv4 info+++++++++++++++++++++++++++++
[    9.934708] cloud-init[812]: ci-info: +-------+-------------+----------+-----------------+-----------+-------+
[    9.948400] cloud-init[812]: ci-info: | Route | Destination | Gateway  |     Genmask     | Interface | Flags |
[    9.949776] cloud-init[812]: ci-info: +-------+-------------+----------+-----------------+-----------+-------+
[    9.951802] cloud-init[812]: ci-info: |   0   |   0.0.0.0   | 10.0.2.2 |     0.0.0.0     |   enp0s3  |   UG  |
[    9.953104] cloud-init[812]: ci-info: |   1   |   10.0.2.0  | 0.0.0.0  |  255.255.255.0  |   enp0s3  |   U   |
[    9.954670] cloud-init[812]: ci-info: |   2   |   10.0.2.2  | 0.0.0.0  | 255.255.255.255 |   enp0s3  |   UH  |
[    9.956644] cloud-init[812]: ci-info: +-------+-------------+----------+-----------------+-----------+-------+
[    9.958600] cloud-init[812]: ci-info: +++++++++++++++++++Route IPv6 info+++++++++++++++++++
[    9.960378] cloud-init[812]: ci-info: +-------+-------------+---------+-----------+-------+
[    9.961984] cloud-init[812]: ci-info: | Route | Destination | Gateway | Interface | Flags |
[    9.963569] cloud-init[812]: ci-info: +-------+-------------+---------+-----------+-------+
[    9.965196] cloud-init[812]: ci-info: |   1   |  fe80::/64  |    ::   |   enp0s3  |   U   |
[    9.966804] cloud-init[812]: ci-info: |   3   |    local    |    ::   |   enp0s3  |   U   |
[    9.968462] cloud-init[812]: ci-info: |   4   |   ff00::/8  |    ::   |   enp0s3  |   U   |
[    9.970115] cloud-init[812]: ci-info: +-------+-------------+---------+-----------+-------+
[[0;32m  OK  [0m] Started Initial cloud-init job (metadata service crawler).
[[0;32m  OK  [0m] Reached target System Initialization.
[[0;32m  OK  [0m] Started ACPI Events Check.
[[0;32m  OK  [0m] Listening on D-Bus System Message Bus Socket.
         Starting LXD - unix socket.
[[0;32m  OK  [0m] Listening on Open-iSCSI iscsid Socket.
[[0;32m  OK  [0m] Reached target Paths.
         Starting Socket activation for snappy daemon.
[[0;32m  OK  [0m] Listening on UUID daemon activation socket.
[[0;32m  OK  [0m] Started Message of the Day.
[[0;32m  OK  [0m] Started Daily apt download activities.
[[0;32m  OK  [0m] Started Daily apt upgrade and clean activities.
[[0;32m  OK  [0m] Started Daily Cleanup of Temporary Directories.
[[0;32m  OK  [0m] Listening on ACPID Listen Socket.
[[0;32m  OK  [0m] Started Discard unused blocks once a week.
[[0;32m  OK  [0m] Started Clean PHP session files every 30 mins.
[[0;32m  OK  [0m] Reached target Timers.
[[0;32m  OK  [0m] Reached target Cloud-config availability.
[[0;32m  OK  [0m] Reached target Network is Online.
[[0;32m  OK  [0m] Reached target Remote File Systems (Pre).
[[0;32m  OK  [0m] Reached target Remote File Systems.
         Starting Availability of block devices...
[[0;32m  OK  [0m] Listening on LXD - unix socket.
[[0;32m  OK  [0m] Listening on Socket activation for snappy daemon.
[[0;32m  OK  [0m] Started Availability of block devices.
[[0;32m  OK  [0m] Reached target Sockets.
[[0;32m  OK  [0m] Reached target Basic System.
[[0;32m  OK  [0m] Started FUSE filesystem for LXC.
         Starting LSB: Record successful boot for GRUB...
         Starting Message of the Day...
         Starting Thermal Daemon Service...
         Starting System Logging Service...
         Starting Accounts Service...
[[0;32m  OK  [0m] Started Deferred execution scheduler.
         Starting OpenBSD Secure Shell server...
[[0;32m  OK  [0m] Started irqbalance daemon.
         Starting MySQL Community Server...
[[0;32m  OK  [0m] Started D-Bus System Message Bus.
         Starting Dispatcher daemon for systemd-networkd...
         Starting Discard unused blocks...
         Starting Permit User Sessions...
         Starting Clean php session files...
         Starting Login Service...
[[0;32m  OK  [0m] Started Regular background program processing daemon.
         Starting Virtualbox guest utils...
         Starting LSB: automatic crash report generation...
         Starting Snappy daemon...
         Starting LXD - container startup/shutdown...
[[0;32m  OK  [0m] Started System Logging Service.
[[0;32m  OK  [0m] Started Discard unused blocks.
[[0;32m  OK  [0m] Started Permit User Sessions.
[[0;32m  OK  [0m] Started Thermal Daemon Service.
         Starting Hold until boot process finishes up...
         Starting Terminate Plymouth Boot Screen...
[[0;32m  OK  [0m] Started Hold until boot process finishes up.
[[0;32m  OK  [0m] Started Serial Getty on ttyS0.
         Starting Set console scheme...
[[0;32m  OK  [0m] Started Terminate Plymouth Boot Screen.
[[0;32m  OK  [0m] Started Set console scheme.
[[0;32m  OK  [0m] Created slice system-getty.slice.
[[0;32m  OK  [0m] Started Getty on tty1.
[[0;32m  OK  [0m] Reached target Login Prompts.
         Starting Authorization Manager...
[[0;32m  OK  [0m] Started OpenBSD Secure Shell server.
[[0;32m  OK  [0m] Started LSB: Record successful boot for GRUB.
[[0;32m  OK  [0m] Started Authorization Manager.
[[0;32m  OK  [0m] Started Login Service.
[[0;32m  OK  [0m] Started Unattended Upgrades Shutdown.
[[0;32m  OK  [0m] Started Accounts Service.
[[0;32m  OK  [0m] Started LSB: automatic crash report generation.
[[0;32m  OK  [0m] Started LXD - container startup/shutdown.
[[0;32m  OK  [0m] Started Virtualbox guest utils.
[[0;32m  OK  [0m] Started Clean php session files.
[[0;32m  OK  [0m] Started Snappy daemon.
         Starting Wait until snapd is fully seeded...
[[0;32m  OK  [0m] Started Wait until snapd is fully seeded.
         Starting Apply the settings specified in cloud-config...
[[0;32m  OK  [0m] Started Dispatcher daemon for systemd-networkd.
[[0;32m  OK  [0m] Started MySQL Community Server.
[[0;32m  OK  [0m] Reached target Multi-User System.
[[0;32m  OK  [0m] Reached target Graphical Interface.
         Starting Update UTMP about System Runlevel Changes...
[[0;32m  OK  [0m] Started Update UTMP about System Runlevel Changes.
[   11.515338] cloud-init[1129]: Cloud-init v. 19.1-1-gbaa47854-0ubuntu1~18.04.1 running 'modules:config' at Wed, 07 Aug 2019 15:38:24 +0000. Up 11.40 seconds.
[[0;32m  OK  [0m] Started Apply the settings specified in cloud-config.
         Starting Execute cloud user/final scripts...
[   12.029493] cloud-init[1216]: Cloud-init v. 19.1-1-gbaa47854-0ubuntu1~18.04.1 running 'modules:final' at Wed, 07 Aug 2019 15:38:24 +0000. Up 11.91 seconds.
[   12.031161] cloud-init[1216]: Cloud-init v. 19.1-1-gbaa47854-0ubuntu1~18.04.1 finished at Wed, 07 Aug 2019 15:38:25 +0000. Datasource DataSourceNoCloud [seed=/dev/sdb][dsmode=net].  Up 12.02 seconds
[[0;32m  OK  [0m] Started Execute cloud user/final scripts.
[[0;32m  OK  [0m] Reached target Cloud-init target.
[[0;32m  OK  [0m] Started Message of the Day.

Ubuntu 18.04.2 LTS ubuntu-bionic ttyS0

ubuntu-bionic login: 